<?xml version="1.0" encoding="UTF-8"?>
<testng-results ignored="0" total="1" passed="1" failed="0" skipped="0">
  <reporter-output>
  </reporter-output>
  <suite started-at="2024-09-19T12:11:59 IST" name="Suite" finished-at="2024-09-19T12:12:02 IST" duration-ms="3787">
    <groups>
    </groups>
    <test started-at="2024-09-19T12:11:59 IST" name="Test" finished-at="2024-09-19T12:12:02 IST" duration-ms="3787">
      <class name="testCases.TC001_AccountRegistrationTest">
        <test-method is-config="true" signature="setup()[pri:0, instance:testCases.TC001_AccountRegistrationTest@393671df]" started-at="2024-09-19T12:11:59 IST" name="setup" finished-at="2024-09-19T12:12:01 IST" duration-ms="2349" status="PASS">
          <reporter-output>
          </reporter-output>
        </test-method> <!-- setup -->
        <test-method signature="verifyAccountRegistration()[pri:0, instance:testCases.TC001_AccountRegistrationTest@393671df]" started-at="2024-09-19T12:12:01 IST" name="verifyAccountRegistration" finished-at="2024-09-19T12:12:02 IST" duration-ms="1309" status="PASS">
          <reporter-output>
          </reporter-output>
        </test-method> <!-- verifyAccountRegistration -->
        <test-method is-config="true" signature="tearDown()[pri:0, instance:testCases.TC001_AccountRegistrationTest@393671df]" started-at="2024-09-19T12:12:02 IST" name="tearDown" finished-at="2024-09-19T12:12:02 IST" duration-ms="108" status="PASS">
          <reporter-output>
          </reporter-output>
        </test-method> <!-- tearDown -->
      </class> <!-- testCases.TC001_AccountRegistrationTest -->
    </test> <!-- Test -->
  </suite> <!-- Suite -->
</testng-results>
