<?xml version="1.0" encoding="UTF-8"?>
<testng-results ignored="0" total="1" passed="1" failed="0" skipped="0">
  <reporter-output>
  </reporter-output>
  <suite started-at="2024-09-19T01:20:15 IST" name="Default suite" finished-at="2024-09-19T01:20:21 IST" duration-ms="6163">
    <groups>
    </groups>
    <test started-at="2024-09-19T01:20:15 IST" name="Default test" finished-at="2024-09-19T01:20:21 IST" duration-ms="6163">
      <class name="testCases.TC001_AccountRegistrationTest">
        <test-method is-config="true" signature="setup()[pri:0, instance:testCases.TC001_AccountRegistrationTest@6253c26]" started-at="2024-09-19T01:20:15 IST" name="setup" finished-at="2024-09-19T01:20:19 IST" duration-ms="3457" status="PASS">
          <reporter-output>
          </reporter-output>
        </test-method> <!-- setup -->
        <test-method signature="verifyAccountRegistration()[pri:0, instance:testCases.TC001_AccountRegistrationTest@6253c26]" started-at="2024-09-19T01:20:19 IST" name="verifyAccountRegistration" finished-at="2024-09-19T01:20:21 IST" duration-ms="2459" status="PASS">
          <reporter-output>
          </reporter-output>
        </test-method> <!-- verifyAccountRegistration -->
        <test-method is-config="true" signature="tearDown()[pri:0, instance:testCases.TC001_AccountRegistrationTest@6253c26]" started-at="2024-09-19T01:20:21 IST" name="tearDown" finished-at="2024-09-19T01:20:21 IST" duration-ms="211" status="PASS">
          <reporter-output>
          </reporter-output>
        </test-method> <!-- tearDown -->
      </class> <!-- testCases.TC001_AccountRegistrationTest -->
    </test> <!-- Default test -->
  </suite> <!-- Default suite -->
</testng-results>
